have_library: checking for -lmysqlclient... -------------------- no

"gcc -o conftest -I/Users/lorin/.rvm/rubies/ruby-2.7.5/include/ruby-2.7.0/arm64-darwin21 -I/Users/lorin/.rvm/rubies/ruby-2.7.5/include/ruby-2.7.0/ruby/backward -I/Users/lorin/.rvm/rubies/ruby-2.7.5/include/ruby-2.7.0 -I/Users/lorin/.rvm/rubies/ruby-2.7.5/bin  -I/opt/homebrew/opt/libyaml/include -I/opt/homebrew/opt/libksba/include -I/opt/homebrew/opt/readline/include -I/opt/homebrew/opt/zlib/include -I/opt/homebrew/opt/openssl@1.1/include -D_XOPEN_SOURCE -D_DARWIN_C_SOURCE -D_DARWIN_UNLIMITED_SELECT -D_REENTRANT   -g -O2 -fno-common -pipe conftest.c  -L. -L/Users/lorin/.rvm/rubies/ruby-2.7.5/lib -L/opt/homebrew/opt/libyaml/lib -L/opt/homebrew/opt/libksba/lib -L/opt/homebrew/opt/readline/lib -L/opt/homebrew/opt/zlib/lib -L/opt/homebrew/opt/openssl@1.1/lib -L. -fstack-protector-strong -L/opt/homebrew/opt/libyaml/lib -L/opt/homebrew/opt/libksba/lib -L/opt/homebrew/opt/readline/lib -L/opt/homebrew/opt/zlib/lib -L/opt/homebrew/opt/openssl@1.1/lib  -m64   -lruby.2.7   "
checked program was:
/* begin */
1: #include "ruby.h"
2: 
3: int main(int argc, char **argv)
4: {
5:   return !!argv[argc];
6: }
/* end */

"gcc -o conftest -I/Users/lorin/.rvm/rubies/ruby-2.7.5/include/ruby-2.7.0/arm64-darwin21 -I/Users/lorin/.rvm/rubies/ruby-2.7.5/include/ruby-2.7.0/ruby/backward -I/Users/lorin/.rvm/rubies/ruby-2.7.5/include/ruby-2.7.0 -I/Users/lorin/.rvm/rubies/ruby-2.7.5/bin  -I/opt/homebrew/opt/libyaml/include -I/opt/homebrew/opt/libksba/include -I/opt/homebrew/opt/readline/include -I/opt/homebrew/opt/zlib/include -I/opt/homebrew/opt/openssl@1.1/include -D_XOPEN_SOURCE -D_DARWIN_C_SOURCE -D_DARWIN_UNLIMITED_SELECT -D_REENTRANT   -g -O2 -fno-common -pipe conftest.c  -L. -L/Users/lorin/.rvm/rubies/ruby-2.7.5/lib -L/opt/homebrew/opt/libyaml/lib -L/opt/homebrew/opt/libksba/lib -L/opt/homebrew/opt/readline/lib -L/opt/homebrew/opt/zlib/lib -L/opt/homebrew/opt/openssl@1.1/lib -L. -fstack-protector-strong -L/opt/homebrew/opt/libyaml/lib -L/opt/homebrew/opt/libksba/lib -L/opt/homebrew/opt/readline/lib -L/opt/homebrew/opt/zlib/lib -L/opt/homebrew/opt/openssl@1.1/lib  -m64   -lruby.2.7 -lmysqlclient   "
ld: library not found for -lmysqlclient
clang: error: linker command failed with exit code 1 (use -v to see invocation)
checked program was:
/* begin */
 1: #include "ruby.h"
 2: 
 3: /*top*/
 4: extern int t(void);
 5: int main(int argc, char **argv)
 6: {
 7:   if (argc > 1000000) {
 8:     int (* volatile tp)(void)=(int (*)(void))&t;
 9:     printf("%d", (*tp)());
10:   }
11: 
12:   return !!argv[argc];
13: }
14: 
15: int t(void) { ; return 0; }
/* end */

--------------------

have_library: checking for -lmysqlclient... -------------------- no

"gcc -o conftest -I/Users/lorin/.rvm/rubies/ruby-2.7.5/include/ruby-2.7.0/arm64-darwin21 -I/Users/lorin/.rvm/rubies/ruby-2.7.5/include/ruby-2.7.0/ruby/backward -I/Users/lorin/.rvm/rubies/ruby-2.7.5/include/ruby-2.7.0 -I/Users/lorin/.rvm/rubies/ruby-2.7.5/bin  -I/opt/homebrew/opt/libyaml/include -I/opt/homebrew/opt/libksba/include -I/opt/homebrew/opt/readline/include -I/opt/homebrew/opt/zlib/include -I/opt/homebrew/opt/openssl@1.1/include -D_XOPEN_SOURCE -D_DARWIN_C_SOURCE -D_DARWIN_UNLIMITED_SELECT -D_REENTRANT   -g -O2 -fno-common -pipe conftest.c  -L. -L/Users/lorin/.rvm/rubies/ruby-2.7.5/lib -L/opt/homebrew/opt/libyaml/lib -L/opt/homebrew/opt/libksba/lib -L/opt/homebrew/opt/readline/lib -L/opt/homebrew/opt/zlib/lib -L/opt/homebrew/opt/openssl@1.1/lib -L. -fstack-protector-strong -L/opt/homebrew/opt/libyaml/lib -L/opt/homebrew/opt/libksba/lib -L/opt/homebrew/opt/readline/lib -L/opt/homebrew/opt/zlib/lib -L/opt/homebrew/opt/openssl@1.1/lib  -m64   -lruby.2.7 -lmysqlclient   "
ld: library not found for -lmysqlclient
clang: error: linker command failed with exit code 1 (use -v to see invocation)
checked program was:
/* begin */
 1: #include "ruby.h"
 2: 
 3: /*top*/
 4: extern int t(void);
 5: int main(int argc, char **argv)
 6: {
 7:   if (argc > 1000000) {
 8:     int (* volatile tp)(void)=(int (*)(void))&t;
 9:     printf("%d", (*tp)());
10:   }
11: 
12:   return !!argv[argc];
13: }
14: 
15: int t(void) { ; return 0; }
/* end */

--------------------

